<?xml version="1.0" encoding="UTF-8"?>
<!-- Generated by org.testng.reporters.JUnitReportReporter -->
<testsuite hostname="LAPTOP-TM6K18J0" failures="0" tests="1" name="com.mystore.testcases.Tc1loginpage" time="2.632" errors="0" timestamp="2022-09-19T21:41:25 IST" skipped="0">
  <testcase classname="com.mystore.testcases.Tc1loginpage" name="loginPage" time="2.632"/>
  <system-out/>
</testsuite> <!-- com.mystore.testcases.Tc1loginpage -->
